log:Se solicito la orden con id: 471 2023-06-11 21:15:14 (Hora estandar central)
log:Se recibio la orden con id: 471 2023-06-11 21:15:14 (Hora estandar central)
log:Se solicito estado de la orden: 471 2023-06-11 21:15:25 (Hora estandar central)
log:Se recibio orden: 471 para conocer su estado 2023-06-11 21:15:25 (Hora estandar central)
log:Se cancelo la orden con id: 471 2023-06-11 21:15:25 (Hora estandar central)
log:Repartidor recibio la orden con id: 471 2023-06-11 21:15:25 (Hora estandar central)
log:Se solicito estado de envio de la orden: 471 2023-06-11 21:15:45 (Hora estandar central)
log:Se recibio orden: 471para conocer su estado 2023-06-11 21:15:45 (Hora estandar central)
log:Orden en camino con id: 471 2023-06-11 21:15:45 (Hora estandar central)
log:Se solicito estado de envio de la orden: 471 2023-06-11 21:15:46 (Hora estandar central)
log:Se recibio orden: 471para conocer su estado 2023-06-11 21:15:46 (Hora estandar central)
log:Orden en camino con id: 471 2023-06-11 21:15:46 (Hora estandar central)
log:Se solicito estado de envio de la orden: 471 2023-06-11 21:15:48 (Hora estandar central)
log:Se recibio orden: 471para conocer su estado 2023-06-11 21:15:48 (Hora estandar central)
log:Orden entregada con id: 471 2023-06-11 21:15:48 (Hora estandar central)
log:Se solicito la orden con id: 978 2023-06-11 21:22:39 (Hora estandar central)
log:Se recibio la orden con id: 978 2023-06-11 21:22:39 (Hora estandar central)
log:Se solicito estado de la orden: 978 2023-06-11 21:22:52 (Hora estandar central)
log:Se recibio orden: 978 para conocer su estado 2023-06-11 21:22:52 (Hora estandar central)
log:Se cancelo la orden con id: 978 2023-06-11 21:22:52 (Hora estandar central)
log:Repartidor recibio la orden con id: 978 2023-06-11 21:22:52 (Hora estandar central)
log:Se solicito estado de envio de la orden: 978 2023-06-11 21:23:12 (Hora estandar central)
log:Se recibio orden: 978 para conocer su estado 2023-06-11 21:23:12 (Hora estandar central)
log:Orden entregada con id: 978 2023-06-11 21:23:12 (Hora estandar central)
log:Se solicito la orden con id: 792 2023-06-12 12:12:45 (Hora estandar central)
log:Se recibio la orden con id: 792 2023-06-12 12:12:45 (Hora estandar central)
log:Se solicito la orden con id: 514 2023-06-12 15:44:33 (Hora estandar central)
log:Se solicito la orden con id: 882 2023-06-12 15:46:15 (Hora estandar central)
log:Se recibio la orden con id: 882 2023-06-12 15:46:15 (Hora estandar central)
log:Se solicito estado de la orden: 78 2023-06-12 15:55:28 (Hora estandar central)
log:Se recibio orden: 78 para conocer su estado 2023-06-12 15:55:28 (Hora estandar central)
log:Orden en preparacion con id: 78 2023-06-12 15:55:28 (Hora estandar central)
log:Se solicito la orden con id: 243 2023-06-12 16:52:08 (Hora estandar central)
log:Se recibio la orden con id: 243 2023-06-12 16:52:08 (Hora estandar central)
log:Se solicito estado de la orden: 243 2023-06-12 16:52:32 (Hora estandar central)
log:Se recibio orden: 243 para conocer su estado 2023-06-12 16:52:32 (Hora estandar central)
log:Se cancelo la orden con id: 243 2023-06-12 16:52:32 (Hora estandar central)
log:Repartidor recibio la orden con id: 243 2023-06-12 16:52:32 (Hora estandar central)
log:Se solicito estado de envio de la orden: 243 2023-06-12 16:52:51 (Hora estandar central)
log:Se recibio orden: 243 para conocer su estado 2023-06-12 16:52:51 (Hora estandar central)
log:Se recibio orden: 243 para conocer su estado 2023-06-12 16:52:51 (Hora estandar central)
log:Se solicito estado de envio de la orden: 243 2023-06-12 16:52:54 (Hora estandar central)
log:Se recibio orden: 243 para conocer su estado 2023-06-12 16:52:54 (Hora estandar central)
log:Se recibio orden: 243 para conocer su estado 2023-06-12 16:52:54 (Hora estandar central)
log:Se solicito estado de envio de la orden: 243 2023-06-12 16:52:56 (Hora estandar central)
log:Se recibio orden: 243 para conocer su estado 2023-06-12 16:52:56 (Hora estandar central)
log:Se recibio orden: 243 para conocer su estado 2023-06-12 16:52:56 (Hora estandar central)
log:Se solicito la orden con id: 534 2023-06-12 16:57:56 (Hora estandar central)
log:Se recibio la orden con id: 534 2023-06-12 16:57:56 (Hora estandar central)
log:Se solicito estado de la orden: 534 2023-06-12 16:58:14 (Hora estandar central)
log:Se recibio orden: 534 para conocer su estado 2023-06-12 16:58:14 (Hora estandar central)
log:Se cancelo la orden con id: 534 2023-06-12 16:58:14 (Hora estandar central)
log:Repartidor recibio la orden con id: 534 2023-06-12 16:58:14 (Hora estandar central)
log:Se solicito estado de envio de la orden: 534 2023-06-12 16:58:35 (Hora estandar central)
log:Se recibio orden: 534 para conocer su estado 2023-06-12 16:58:35 (Hora estandar central)
log:Se recibio orden: 534 para conocer su estado 2023-06-12 16:58:35 (Hora estandar central)
log:Se solicito la orden con id: 874 2023-06-12 17:02:23 (Hora estandar central)
log:Se recibio la orden con id: 874 2023-06-12 17:02:23 (Hora estandar central)
log:Se solicito estado de la orden: 874 2023-06-12 17:03:00 (Hora estandar central)
log:Se recibio orden: 874 para conocer su estado 2023-06-12 17:03:00 (Hora estandar central)
log:Se cancelo la orden con id: 874 2023-06-12 17:03:00 (Hora estandar central)
log:Repartidor recibio la orden con id: 874 2023-06-12 17:03:00 (Hora estandar central)
log:Se solicito estado de envio de la orden: 874 2023-06-12 17:03:28 (Hora estandar central)
log:Se recibio orden: 874 para conocer su estado 2023-06-12 17:03:28 (Hora estandar central)
log:Orden en camino con id: 874 2023-06-12 17:03:28 (Hora estandar central)
log:Se solicito estado de envio de la orden: 874 2023-06-12 17:03:30 (Hora estandar central)
log:Se recibio orden: 874 para conocer su estado 2023-06-12 17:03:30 (Hora estandar central)
log:Orden en camino con id: 874 2023-06-12 17:03:30 (Hora estandar central)
log:Se solicito estado de envio de la orden: 874 2023-06-12 17:03:33 (Hora estandar central)
log:Orden entregada con id: 874 2023-06-12 17:03:33 (Hora estandar central)
log:Se recibio orden: 874 para conocer su estado 2023-06-12 17:03:33 (Hora estandar central)
